
> my-app@0.1.0 dev
> next dev -p 3001 -p 3002

  ▲ Next.js 14.2.22
  - Local:        http://localhost:3002
  - Environments: .env.local

 ✓ Starting...
 ✓ Ready in 2.7s
 ○ Compiling /src/middleware ...
 ✓ Compiled /src/middleware in 534ms (154 modules)
 ○ Compiling /login ...

🌼   [35mdaisyUI[39m [2m4.12.10[22m
├─ [32m✔︎[39m 1 theme added[2m		https://daisyui.com/docs/themes[22m
╰─ [32m★[39m [0mStar daisyUI on GitHub[0m	[2mhttps://github.com/saadeghi/daisyui[22m


🌼   [35mdaisyUI[39m [2m4.12.10[22m
├─ [32m✔︎[39m 1 theme added[2m		https://daisyui.com/docs/themes[22m
╰─ [32m❤︎[39m [0mSupport daisyUI project:[0m	[2mhttps://opencollective.com/daisyui[22m

 ✓ Compiled /login in 5.1s (1265 modules)
 GET /login 200 in 5981ms
 ✓ Compiled in 919ms (552 modules)
 ✓ Compiled in 75ms (538 modules)
 GET /login 200 in 53ms
 GET /login 200 in 91ms
 ○ Compiling /api/bg-images ...
 ✓ Compiled /api/bg-images in 1114ms (627 modules)
Connected to the database
 GET /api/bg-images 200 in 3931ms
 ○ Compiling /api/auth/login ...
 ✓ Compiled /api/auth/login in 14s (2168 modules)
Connected to the database
(node:72148) NOTE: The AWS SDK for JavaScript (v2) is in maintenance mode.
 SDK releases are limited to address critical bug fixes and security issues only.

Please migrate your code to use AWS SDK for JavaScript (v3).
For more information, check the blog post at https://a.co/cUPnyil
(Use `node --trace-warnings ...` to show where the warning was created)
Error during login: secretOrPrivateKey must have a value
 POST /api/auth/login 500 in 16048ms
 ○ Compiling /_not-found ...
 ✓ Compiled /_not-found in 4.3s (1137 modules)
 GET /.well-known/appspecific/com.chrome.devtools.json 404 in 5210ms
   Reload env: .env.local
 ✓ Compiled in 25.5s (1290 modules)
 GET /login 200 in 219ms
 GET /login 200 in 345ms
 ○ Compiling /api/bg-images ...
 ✓ Compiled /api/bg-images in 1119ms (627 modules)
Connected to the database
 GET /api/bg-images 200 in 1280ms
 ○ Compiling /api/auth/login ...
 ✓ Compiled /api/auth/login in 2.6s (2171 modules)
Connected to the database
(node:72148) NOTE: The AWS SDK for JavaScript (v2) is in maintenance mode.
 SDK releases are limited to address critical bug fixes and security issues only.

Please migrate your code to use AWS SDK for JavaScript (v3).
For more information, check the blog post at https://a.co/cUPnyil
Error during login: secretOrPrivateKey must have a value
 POST /api/auth/login 500 in 3428ms
 ○ Compiling /_not-found ...
 ✓ Compiled /_not-found in 1493ms (2712 modules)
 GET /.well-known/appspecific/com.chrome.devtools.json 404 in 2515ms
 GET /login 200 in 459ms
   Reload env: .env.local
 ✓ Compiled in 2.4s (1288 modules)
/c/Program Files/nodejs/npm: line 65:  1057 Killed                  "$NODE_EXE" "$NPM_CLI_JS" "$@"
   Reload env: .env.local
 ✓ Compiled in 6.7s (1419 modules)
<w> [webpack.cache.PackFileCacheStrategy] Caching failed for pack: Error: EPERM: operation not permitted, rename 'C:\Project\IMP-Wealthcon-main (2)\IMP-Wealthcon-main\.next\cache\webpack\client-development\2.pack.gz_' -> 'C:\Project\IMP-Wealthcon-main (2)\IMP-Wealthcon-main\.next\cache\webpack\client-development\2.pack.gz'
 ✓ Compiled in 279ms (154 modules)
<w> [webpack.cache.PackFileCacheStrategy] Caching failed for pack: Error: ENOENT: no such file or directory, rename 'C:\Project\IMP-Wealthcon-main (2)\IMP-Wealthcon-main\.next\cache\webpack\edge-server-development\1.pack.gz_' -> 'C:\Project\IMP-Wealthcon-main (2)\IMP-Wealthcon-main\.next\cache\webpack\edge-server-development\1.pack.gz'
 ✓ Compiled in 391ms (552 modules)
 ✓ Compiled in 108ms (154 modules)
 ✓ Compiled in 151ms (154 modules)
<w> [webpack.cache.PackFileCacheStrategy] Caching failed for pack: Error: EPERM: operation not permitted, rename 'C:\Project\IMP-Wealthcon-main (2)\IMP-Wealthcon-main\.next\cache\webpack\edge-server-development\0.pack.gz_' -> 'C:\Project\IMP-Wealthcon-main (2)\IMP-Wealthcon-main\.next\cache\webpack\edge-server-development\0.pack.gz'
 ✓ Compiled in 782ms (1148 modules)
<w> [webpack.cache.PackFileCacheStrategy] Caching failed for pack: Error: ENOENT: no such file or directory, rename 'C:\Project\IMP-Wealthcon-main (2)\IMP-Wealthcon-main\.next\cache\webpack\client-development\0.pack.gz_' -> 'C:\Project\IMP-Wealthcon-main (2)\IMP-Wealthcon-main\.next\cache\webpack\client-development\0.pack.gz'
 ✓ Compiled in 2.7s (1302 modules)
 ✓ Compiled in 201ms (552 modules)
 ✓ Compiled in 196ms (552 modules)
 ✓ Compiled in 155ms (552 modules)
 ✓ Compiled in 187ms (552 modules)
 ✓ Compiled in 1856ms (552 modules)
 ✓ Compiled in 2.1s (552 modules)
 ✓ Compiled in 308ms (552 modules)
 ✓ Compiled in 168ms (552 modules)
 ✓ Compiled in 674ms (1302 modules)
 ✓ Compiled in 182ms (552 modules)
 ✓ Compiled in 207ms (552 modules)
<w> [webpack.cache.PackFileCacheStrategy] Caching failed for pack: Error: EPERM: operation not permitted, rename 'C:\Project\IMP-Wealthcon-main (2)\IMP-Wealthcon-main\.next\cache\webpack\client-development\3.pack.gz_' -> 'C:\Project\IMP-Wealthcon-main (2)\IMP-Wealthcon-main\.next\cache\webpack\client-development\3.pack.gz'
 ✓ Compiled in 3.8s (552 modules)
 ✓ Compiled in 414ms (552 modules)
 ✓ Compiled in 2.2s (1148 modules)
<w> [webpack.cache.PackFileCacheStrategy] Caching failed for pack: Error: incorrect header check
<w> [webpack.cache.PackFileCacheStrategy] Caching failed for pack: Error: ENOENT: no such file or directory, rename 'C:\Project\IMP-Wealthcon-main (2)\IMP-Wealthcon-main\.next\cache\webpack\client-development\5.pack.gz_' -> 'C:\Project\IMP-Wealthcon-main (2)\IMP-Wealthcon-main\.next\cache\webpack\client-development\5.pack.gz'
 ✓ Compiled in 3.5s (1302 modules)
 ✓ Compiled in 384ms (552 modules)
 ✓ Compiled in 204ms (552 modules)
 ✓ Compiled in 198ms (552 modules)
 ✓ Compiled in 296ms (552 modules)
 ✓ Compiled in 271ms (552 modules)
 ✓ Compiled in 199ms (552 modules)
 ✓ Compiled in 199ms (552 modules)
 ✓ Compiled in 192ms (552 modules)
 ✓ Compiled in 253ms (552 modules)
 ✓ Compiled in 1171ms (1148 modules)
 ✓ Compiled in 317ms (552 modules)
 ✓ Compiled in 193ms (552 modules)
<w> [webpack.cache.PackFileCacheStrategy] Caching failed for pack: Error: incorrect header check
 ✓ Compiled in 1033ms (552 modules)
 ✓ Compiled in 328ms (552 modules)
 ✓ Compiled in 1284ms (552 modules)
 ✓ Compiled in 353ms (552 modules)
 ✓ Compiled in 8.4s (1148 modules)
 ✓ Compiled in 5.3s (1302 modules)
 ✓ Compiled in 495ms (1148 modules)
 ✓ Compiled in 379ms (1148 modules)
 ✓ Compiled in 265ms (552 modules)
 ✓ Compiled in 500ms (1288 modules)
<w> [webpack.cache.PackFileCacheStrategy] Caching failed for pack: Error: incorrect header check
 ✓ Compiled in 547ms (552 modules)
 ✓ Compiled in 421ms (552 modules)
 ✓ Compiled in 343ms (552 modules)
 ✓ Compiled in 436ms (552 modules)
 ✓ Compiled in 498ms (552 modules)
 ✓ Compiled in 249ms (552 modules)
 ✓ Compiled in 309ms (552 modules)
 ✓ Compiled in 252ms (552 modules)
 ✓ Compiled in 234ms (552 modules)
 ✓ Compiled in 232ms (552 modules)
<w> [webpack.cache.PackFileCacheStrategy] Caching failed for pack: Error: ENOENT: no such file or directory, rename 'C:\Project\IMP-Wealthcon-main (2)\IMP-Wealthcon-main\.next\cache\webpack\client-development\0.pack.gz_' -> 'C:\Project\IMP-Wealthcon-main (2)\IMP-Wealthcon-main\.next\cache\webpack\client-development\0.pack.gz'
   Reload env: .env.local
 ✓ Compiled in 4.4s (1302 modules)
   Reload env: .env.local
 ✓ Compiled in 1973ms (1288 modules)
 ✓ Compiled in 3.3s (552 modules)
 ✓ Compiled in 3.6s (552 modules)
 ✓ Compiled in 2.1s (552 modules)
 ✓ Compiled in 769ms (552 modules)
 ✓ Compiled in 375ms (552 modules)
 ✓ Compiled in 266ms (552 modules)
 ✓ Compiled in 376ms (552 modules)
 ⚠ Found a change in next.config.mjs. Restarting the server to apply the changes...
  ▲ Next.js 14.2.22
  - Local:        http://localhost:3002
  - Environments: .env.local

 ✓ Starting...
Error: EPERM: operation not permitted, scandir 'C:\Project\IMP-Wealthcon-main (2)\IMP-Wealthcon-main\.next\types\app\admin\live_session\[videoId]'
    at async Object.readdir (node:internal/fs/promises:953:18)
    at async recursiveDelete (C:\Project\IMP-Wealthcon-main (2)\IMP-Wealthcon-main\node_modules\next\dist\lib\recursive-delete.js:42:18)
    at async C:\Project\IMP-Wealthcon-main (2)\IMP-Wealthcon-main\node_modules\next\dist\lib\recursive-delete.js:68:17
    at async Promise.all (index 0)
    at async recursiveDelete (C:\Project\IMP-Wealthcon-main (2)\IMP-Wealthcon-main\node_modules\next\dist\lib\recursive-delete.js:51:5)
    at async C:\Project\IMP-Wealthcon-main (2)\IMP-Wealthcon-main\node_modules\next\dist\lib\recursive-delete.js:68:17
    at async Promise.all (index 4)
    at async recursiveDelete (C:\Project\IMP-Wealthcon-main (2)\IMP-Wealthcon-main\node_modules\next\dist\lib\recursive-delete.js:51:5)
    at async C:\Project\IMP-Wealthcon-main (2)\IMP-Wealthcon-main\node_modules\next\dist\lib\recursive-delete.js:68:17
    at async Promise.all (index 1) {
  errno: -4048,
  code: 'EPERM',
  syscall: 'scandir',
  path: 'C:\\Project\\IMP-Wealthcon-main (2)\\IMP-Wealthcon-main\\.next\\types\\app\\admin\\live_session\\[videoId]'
}
[?25h
