
> my-app@0.1.0 dev
> next dev -p 3001 -p 3003

  ▲ Next.js 14.2.22
  - Local:        http://localhost:3003
  - Environments: .env.local

 ✓ Starting...
 ✓ Ready in 23s
 ✓ Compiled /src/middleware in 931ms
 ✓ Compiled (154 modules)
 ○ Compiling /login ...

🌼   [35mdaisyUI[39m [2m4.12.10[22m
├─ [32m✔︎[39m 1 theme added[2m		https://daisyui.com/docs/themes[22m
╰─ [32m❤︎[39m [0mSupport daisyUI project:[0m	[2mhttps://opencollective.com/daisyui[22m


🌼   [35mdaisyUI[39m [2m4.12.10[22m
├─ [32m✔︎[39m 1 theme added[2m		https://daisyui.com/docs/themes[22m
╰─ [32m❤︎[39m [0mSupport daisyUI project:[0m	[2mhttps://opencollective.com/daisyui[22m

 ✓ Compiled /login in 53.8s (1265 modules)
 GET /login 200 in 59992ms
 ✓ Compiled in 6.9s (552 modules)
 GET /login 200 in 57ms
 GET /login 200 in 532ms
 ○ Compiling /favicon.ico ...
 ✓ Compiled /api/bg-images in 2.2s (627 modules)
 ✓ Compiled (655 modules)
 GET /favicon.ico 200 in 9104ms
Connected to the database
 GET /api/bg-images 200 in 8411ms
 ○ Compiling /api/auth/login ...
 ✓ Compiled /_not-found in 23.9s (2740 modules)
 GET /.well-known/appspecific/com.chrome.devtools.json 404 in 21009ms
Connected to the database
(node:74588) NOTE: The AWS SDK for JavaScript (v2) is in maintenance mode.
 SDK releases are limited to address critical bug fixes and security issues only.

Please migrate your code to use AWS SDK for JavaScript (v3).
For more information, check the blog post at https://a.co/cUPnyil
(Use `node --trace-warnings ...` to show where the warning was created)
Error during login: secretOrPrivateKey must have a value
 POST /api/auth/login 500 in 25789ms
   Reload env: .env.local
 ✓ Compiled in 1088ms (1288 modules)
/c/Program Files/nodejs/npm: line 65:  1712 Killed                  "$NODE_EXE" "$NPM_CLI_JS" "$@"
   Reload env: .env.local
 ✓ Compiled in 7.6s (1419 modules)
 ✓ Compiled in 276ms (154 modules)
 ✓ Compiled in 497ms (552 modules)
<w> [webpack.cache.PackFileCacheStrategy] Caching failed for pack: Error: ENOENT: no such file or directory, rename 'C:\Project\IMP-Wealthcon-main (2)\IMP-Wealthcon-main\.next\cache\webpack\client-development\5.pack.gz_' -> 'C:\Project\IMP-Wealthcon-main (2)\IMP-Wealthcon-main\.next\cache\webpack\client-development\5.pack.gz'
 ✓ Compiled in 102ms (154 modules)
<w> [webpack.cache.PackFileCacheStrategy] Caching failed for pack: Error: ENOENT: no such file or directory, rename 'C:\Project\IMP-Wealthcon-main (2)\IMP-Wealthcon-main\.next\cache\webpack\edge-server-development\2.pack.gz_' -> 'C:\Project\IMP-Wealthcon-main (2)\IMP-Wealthcon-main\.next\cache\webpack\edge-server-development\2.pack.gz'
 ✓ Compiled in 131ms (154 modules)
 ✓ Compiled in 737ms (1148 modules)
<w> [webpack.cache.PackFileCacheStrategy] Caching failed for pack: Error: ENOENT: no such file or directory, rename 'C:\Project\IMP-Wealthcon-main (2)\IMP-Wealthcon-main\.next\cache\webpack\server-development\0.pack.gz_' -> 'C:\Project\IMP-Wealthcon-main (2)\IMP-Wealthcon-main\.next\cache\webpack\server-development\0.pack.gz'
 ✓ Compiled in 2.3s (1302 modules)
 ✓ Compiled in 200ms (552 modules)
 ✓ Compiled in 200ms (552 modules)
 ✓ Compiled in 194ms (552 modules)
 ✓ Compiled in 199ms (552 modules)
 ✓ Compiled in 2s (552 modules)
 ✓ Compiled in 2.2s (552 modules)
 ✓ Compiled in 288ms (552 modules)
 ✓ Compiled in 168ms (552 modules)
 ✓ Compiled in 644ms (1302 modules)
 ✓ Compiled in 174ms (552 modules)
 ✓ Compiled in 207ms (552 modules)
<w> [webpack.cache.PackFileCacheStrategy] Caching failed for pack: Error: ENOENT: no such file or directory, rename 'C:\Project\IMP-Wealthcon-main (2)\IMP-Wealthcon-main\.next\cache\webpack\client-development\4.pack.gz_' -> 'C:\Project\IMP-Wealthcon-main (2)\IMP-Wealthcon-main\.next\cache\webpack\client-development\4.pack.gz'
 ✓ Compiled in 3.7s (552 modules)
 ✓ Compiled in 412ms (552 modules)
 ✓ Compiled in 2.2s (1148 modules)
<w> [webpack.cache.PackFileCacheStrategy] Caching failed for pack: Error: incorrect header check
 ✓ Compiled in 4.1s (1302 modules)
 ✓ Compiled in 392ms (552 modules)
 ✓ Compiled in 208ms (552 modules)
 ✓ Compiled in 198ms (552 modules)
 ✓ Compiled in 291ms (552 modules)
 ✓ Compiled in 259ms (552 modules)
 ✓ Compiled in 211ms (552 modules)
 ✓ Compiled in 200ms (552 modules)
 ✓ Compiled in 205ms (552 modules)
 ✓ Compiled in 253ms (552 modules)
 ✓ Compiled in 1190ms (1148 modules)
 ✓ Compiled in 354ms (552 modules)
 ✓ Compiled in 183ms (552 modules)
<w> [webpack.cache.PackFileCacheStrategy] Caching failed for pack: Error: incorrect header check
<w> [webpack.cache.PackFileCacheStrategy] Caching failed for pack: Error: ENOENT: no such file or directory, rename 'C:\Project\IMP-Wealthcon-main (2)\IMP-Wealthcon-main\.next\cache\webpack\client-development\7.pack.gz_' -> 'C:\Project\IMP-Wealthcon-main (2)\IMP-Wealthcon-main\.next\cache\webpack\client-development\7.pack.gz'
 ✓ Compiled in 1151ms (552 modules)
 ✓ Compiled in 376ms (552 modules)
<w> [webpack.cache.PackFileCacheStrategy] Caching failed for pack: Error: ENOENT: no such file or directory, rename 'C:\Project\IMP-Wealthcon-main (2)\IMP-Wealthcon-main\.next\cache\webpack\client-development\2.pack.gz_' -> 'C:\Project\IMP-Wealthcon-main (2)\IMP-Wealthcon-main\.next\cache\webpack\client-development\2.pack.gz'
 ✓ Compiled in 1053ms (552 modules)
 ✓ Compiled in 317ms (552 modules)
 ✓ Compiled in 8.2s (1148 modules)
 ✓ Compiled in 5.4s (1302 modules)
 ✓ Compiled in 459ms (1148 modules)
 ✓ Compiled in 447ms (1148 modules)
 ✓ Compiled in 181ms (552 modules)
 ✓ Compiled in 496ms (1288 modules)
<w> [webpack.cache.PackFileCacheStrategy] Caching failed for pack: Error: incorrect header check
<w> [webpack.cache.PackFileCacheStrategy] Caching failed for pack: Error: ENOENT: no such file or directory, rename 'C:\Project\IMP-Wealthcon-main (2)\IMP-Wealthcon-main\.next\cache\webpack\client-development\1.pack.gz_' -> 'C:\Project\IMP-Wealthcon-main (2)\IMP-Wealthcon-main\.next\cache\webpack\client-development\1.pack.gz'
 ✓ Compiled in 479ms (552 modules)
 ✓ Compiled in 378ms (552 modules)
 ✓ Compiled in 475ms (552 modules)
 ✓ Compiled in 490ms (552 modules)
 ✓ Compiled in 275ms (552 modules)
 ✓ Compiled in 270ms (552 modules)
 ✓ Compiled in 247ms (552 modules)
 ✓ Compiled in 233ms (552 modules)
 ✓ Compiled in 228ms (552 modules)
   Reload env: .env.local
 ✓ Compiled in 4.3s (1302 modules)
   Reload env: .env.local
 ✓ Compiled in 1584ms (1288 modules)
 ✓ Compiled in 3.2s (552 modules)
 ✓ Compiled in 4.4s (552 modules)
 ✓ Compiled in 3s (552 modules)
 ✓ Compiled in 734ms (552 modules)
 ✓ Compiled in 331ms (552 modules)
 ✓ Compiled in 261ms (552 modules)
 ✓ Compiled in 428ms (552 modules)
<w> [webpack.cache.PackFileCacheStrategy] Caching failed for pack: Error: ENOENT: no such file or directory, rename 'C:\Project\IMP-Wealthcon-main (2)\IMP-Wealthcon-main\.next\cache\webpack\client-development\1.pack.gz_' -> 'C:\Project\IMP-Wealthcon-main (2)\IMP-Wealthcon-main\.next\cache\webpack\client-development\1.pack.gz'
 ⚠ Found a change in next.config.mjs. Restarting the server to apply the changes...
  ▲ Next.js 14.2.22
  - Local:        http://localhost:3003
  - Environments: .env.local

 ✓ Starting...
 ✓ Ready in 2.5s
 ⚠ Found a change in next.config.mjs. Restarting the server to apply the changes...
  ▲ Next.js 14.2.22
  - Local:        http://localhost:3003
  - Environments: .env.local

 ✓ Starting...
 ✓ Ready in 2.1s
