2026-02-25 20:18:21 +05:30:   ▲ Next.js 14.2.35
2026-02-25 20:18:21 +05:30:   - Local:        http://localhost:3003
2026-02-25 20:18:21 +05:30: 
2026-02-25 20:18:21 +05:30:  ✓ Starting...
2026-02-25 20:18:22 +05:30:  ✓ Ready in 877ms
2026-02-25 20:19:27 +05:30: [S3] Using LocalStack endpoint: http://localhost:4566
2026-02-25 20:19:27 +05:30: Connected to the database
2026-02-25 20:50:30 +05:30:   ▲ Next.js 14.2.35
2026-02-25 20:50:30 +05:30:   - Local:        http://localhost:3003
2026-02-25 20:50:30 +05:30: 
2026-02-25 20:50:30 +05:30:  ✓ Starting...
2026-02-25 20:50:31 +05:30:  ✓ Ready in 1100ms
2026-02-25 20:52:56 +05:30: [S3] Using LocalStack endpoint: http://localhost:4566
2026-02-25 20:52:56 +05:30: Connected to the database
2026-02-25 21:12:40 +05:30:   ▲ Next.js 14.2.35
2026-02-25 21:12:40 +05:30:   - Local:        http://localhost:3003
2026-02-25 21:12:40 +05:30: 
2026-02-25 21:12:40 +05:30:  ✓ Starting...
2026-02-25 21:12:40 +05:30:  ✓ Ready in 757ms
2026-02-25 21:13:56 +05:30: [S3] Using LocalStack endpoint: http://localhost:4566
2026-02-25 21:13:56 +05:30: Connected to the database
2026-02-25 21:13:57 +05:30: Connected to the database
2026-02-25 21:41:48 +05:30:   ▲ Next.js 14.2.35
2026-02-25 21:41:48 +05:30:   - Local:        http://localhost:3003
2026-02-25 21:41:48 +05:30: 
2026-02-25 21:41:48 +05:30:  ✓ Starting...
2026-02-25 21:41:49 +05:30:  ✓ Ready in 1112ms
2026-02-25 21:42:33 +05:30: [S3] Using LocalStack endpoint: http://localhost:4566
2026-02-25 21:42:34 +05:30: Connected to the database
2026-02-25 21:42:34 +05:30: Connected to the database
2026-02-25 21:48:59 +05:30:   ▲ Next.js 14.2.35
2026-02-25 21:48:59 +05:30:   - Local:        http://localhost:3003
2026-02-25 21:48:59 +05:30: 
2026-02-25 21:48:59 +05:30:  ✓ Starting...
2026-02-25 21:48:59 +05:30:  ✓ Ready in 758ms
2026-02-25 21:49:28 +05:30: [S3] Using LocalStack endpoint: http://localhost:4566
2026-02-25 21:49:28 +05:30: Connected to the database
2026-02-25 21:49:28 +05:30: Connected to the database
2026-02-25 21:59:55 +05:30:   ▲ Next.js 14.2.35
2026-02-25 21:59:55 +05:30:   - Local:        http://localhost:3003
2026-02-25 21:59:55 +05:30: 
2026-02-25 21:59:55 +05:30:  ✓ Starting...
2026-02-25 21:59:55 +05:30:  ✓ Ready in 1033ms
2026-02-25 22:00:18 +05:30: [S3] Using LocalStack endpoint: http://localhost:4566
2026-02-25 22:00:20 +05:30: Connected to the database
2026-02-25 22:00:20 +05:30: Connected to the database
2026-02-25 23:29:52 +05:30:   ▲ Next.js 14.2.35
2026-02-25 23:29:52 +05:30:   - Local:        http://localhost:3003
2026-02-25 23:29:52 +05:30: 
2026-02-25 23:29:52 +05:30:  ✓ Starting...
2026-02-25 23:29:52 +05:30:  ✓ Ready in 945ms
2026-02-25 23:32:22 +05:30:   ▲ Next.js 14.2.35
2026-02-25 23:32:22 +05:30:   - Local:        http://localhost:3003
2026-02-25 23:32:22 +05:30: 
2026-02-25 23:32:22 +05:30:  ✓ Starting...
2026-02-25 23:32:22 +05:30:  ✓ Ready in 912ms
